<?xml version="1.0" encoding="UTF-8"?>
<testsuite xmlns:xsi="http://www.w3.org/2001/XMLSchema-instance" xsi:noNamespaceSchemaLocation="https://maven.apache.org/surefire/maven-surefire-plugin/xsd/surefire-test-report.xsd" version="3.0.2" name="com.f1rsters.tech_challenge_mecanica.config.SecurityConfigTest" time="5.064" tests="13" errors="0" skipped="0" failures="0" flakes="0">
  <properties>
[...]
</properties>
  <testcase name="mecanicoShouldUpdateOrdemStatus" classname="com.f1rsters.tech_challenge_mecanica.config.SecurityConfigTest" time="0.04">
    <system-out><![CDATA[2026-04-28T20:18:48.632-03:00  INFO 27259 --- [tech-challenge-mecanica] [Pool-1-worker-2] t.c.s.AnnotationConfigContextLoaderUtils : Could not detect default configuration classes for test class [com.f1rsters.tech_challenge_mecanica.controller.OrdemServicoPublicControllerTest]: OrdemServicoPublicControllerTest does not declare any static, non-private, non-final, nested classes annotated with @Configuration.
2026-04-28T20:18:48.639-03:00  INFO 27259 --- [tech-challenge-mecanica] [Pool-1-worker-2] .b.t.c.SpringBootTestContextBootstrapper : Found @SpringBootConfiguration com.f1rsters.tech_challenge_mecanica.TechChallengeMecanicaApplication for test class com.f1rsters.tech_challenge_mecanica.controller.OrdemServicoPublicControllerTest
2026-04-28T20:18:48.640-03:00  INFO 27259 --- [tech-challenge-mecanica] [Pool-1-worker-2] t.c.s.AnnotationConfigContextLoaderUtils : Could not detect default configuration classes for test class [com.f1rsters.tech_challenge_mecanica.controller.OrdemServicoPublicControllerTest]: OrdemServicoPublicControllerTest does not declare any static, non-private, non-final, nested classes annotated with @Configuration.
2026-04-28T20:18:48.647-03:00  INFO 27259 --- [tech-challenge-mecanica] [Pool-1-worker-2] .b.t.c.SpringBootTestContextBootstrapper : Found @SpringBootConfiguration com.f1rsters.tech_challenge_mecanica.TechChallengeMecanicaApplication for test class com.f1rsters.tech_challenge_mecanica.controller.OrdemServicoPublicControllerTest
2026-04-28T20:18:48.771-03:00  INFO 27259 --- [tech-challenge-mecanica] [Pool-1-worker-3] .s.d.r.c.RepositoryConfigurationDelegate : Bootstrapping Spring Data JPA repositories in DEFAULT mode.
2026-04-28T20:18:48.812-03:00  INFO 27259 --- [tech-challenge-mecanica] [Pool-1-worker-3] .s.d.r.c.RepositoryConfigurationDelegate : Finished Spring Data repository scanning in 35 ms. Found 6 JPA repository interfaces.
2026-04-28T20:18:49.181-03:00  INFO 27259 --- [tech-challenge-mecanica] [Pool-1-worker-3] org.hibernate.orm.jpa                    : HHH008540: Processing PersistenceUnitInfo [name: default]
2026-04-28T20:18:49.219-03:00  INFO 27259 --- [tech-challenge-mecanica] [Pool-1-worker-3] org.hibernate.orm.core                   : HHH000001: Hibernate ORM core version 7.2.7.Final
2026-04-28T20:18:49.394-03:00  INFO 27259 --- [tech-challenge-mecanica] [Pool-1-worker-3] o.s.o.j.p.SpringPersistenceUnitInfo      : No LoadTimeWeaver setup: ignoring JPA class transformer
2026-04-28T20:18:49.411-03:00  INFO 27259 --- [tech-challenge-mecanica] [Pool-1-worker-3] com.zaxxer.hikari.HikariDataSource       : HikariPool-1 - Starting...
2026-04-28T20:18:49.515-03:00  INFO 27259 --- [tech-challenge-mecanica] [Pool-1-worker-3] com.zaxxer.hikari.pool.HikariPool        : HikariPool-1 - Added connection conn0: url=jdbc:h2:mem:testdb user=SA
2026-04-28T20:18:49.516-03:00  INFO 27259 --- [tech-challenge-mecanica] [Pool-1-worker-3] com.zaxxer.hikari.HikariDataSource       : HikariPool-1 - Start completed.
2026-04-28T20:18:49.547-03:00  INFO 27259 --- [tech-challenge-mecanica] [Pool-1-worker-3] org.hibernate.orm.connections.pooling    : HHH10001005: Database info:
	Database JDBC URL [jdbc:h2:mem:testdb]
	Database driver: H2 JDBC Driver
	Database dialect: H2Dialect
	Database version: 2.4.240
	Default catalog/schema: TESTDB/PUBLIC
	Autocommit mode: undefined/unknown
	Isolation level: READ_COMMITTED [default READ_COMMITTED]
	JDBC fetch size: 100
	Pool: DataSourceConnectionProvider
	Minimum pool size: undefined/unknown
	Maximum pool size: undefined/unknown
2026-04-28T20:18:50.074-03:00  INFO 27259 --- [tech-challenge-mecanica] [Pool-1-worker-3] org.hibernate.orm.core                   : HHH000489: No JTA platform available (set 'hibernate.transaction.jta.platform' to enable JTA platform integration)
2026-04-28T20:18:50.107-03:00  INFO 27259 --- [tech-challenge-mecanica] [Pool-1-worker-3] j.LocalContainerEntityManagerFactoryBean : Initialized JPA EntityManagerFactory for persistence unit 'default'
2026-04-28T20:18:50.156-03:00  INFO 27259 --- [tech-challenge-mecanica] [Pool-1-worker-3] o.s.d.j.r.query.QueryEnhancerFactories   : Hibernate is in classpath; If applicable, HQL parser will be used.
2026-04-28T20:18:50.261-03:00  INFO 27259 --- [tech-challenge-mecanica] [Pool-1-worker-3] eAuthenticationProviderManagerConfigurer : Global AuthenticationManager configured with AuthenticationProvider bean with name authenticationProvider
2026-04-28T20:18:50.261-03:00  WARN 27259 --- [tech-challenge-mecanica] [Pool-1-worker-3] r$InitializeUserDetailsManagerConfigurer : Global AuthenticationManager configured with an AuthenticationProvider bean. UserDetailsService beans will not be used by Spring Security for automatically configuring username/password login. Consider removing the AuthenticationProvider bean. Alternatively, consider using the UserDetailsService in a manually instantiated DaoAuthenticationProvider. If the current configuration is intentional, to turn off this warning, increase the logging level of 'org.springframework.security.config.annotation.authentication.configuration.InitializeUserDetailsBeanManagerConfigurer' to ERROR
2026-04-28T20:18:50.408-03:00  WARN 27259 --- [tech-challenge-mecanica] [Pool-1-worker-3] JpaBaseConfiguration$JpaWebConfiguration : spring.jpa.open-in-view is enabled by default. Therefore, database queries may be performed during view rendering. Explicitly configure spring.jpa.open-in-view to disable this warning
2026-04-28T20:18:50.849-03:00  INFO 27259 --- [tech-challenge-mecanica] [Pool-1-worker-3] o.s.b.t.m.w.SpringBootMockServletContext : Initializing Spring TestDispatcherServlet ''
2026-04-28T20:18:50.850-03:00  INFO 27259 --- [tech-challenge-mecanica] [Pool-1-worker-3] o.s.t.web.servlet.TestDispatcherServlet  : Initializing Servlet ''
2026-04-28T20:18:50.851-03:00  INFO 27259 --- [tech-challenge-mecanica] [Pool-1-worker-3] o.s.t.web.servlet.TestDispatcherServlet  : Completed initialization in 1 ms
2026-04-28T20:18:50.868-03:00  INFO 27259 --- [tech-challenge-mecanica] [Pool-1-worker-3] c.f.t.config.SecurityConfigTest          : Started SecurityConfigTest in 3.603 seconds (process running for 4.588)
2026-04-28T20:18:50.870-03:00  WARN 27259 --- [tech-challenge-mecanica] [Pool-1-worker-3] o.s.core.events.SpringDocAppInitializer  : SpringDoc /v3/api-docs endpoint is enabled by default. To disable it in production, set the property 'springdoc.api-docs.enabled=false'
2026-04-28T20:18:50.870-03:00  WARN 27259 --- [tech-challenge-mecanica] [Pool-1-worker-3] o.s.core.events.SpringDocAppInitializer  : SpringDoc /swagger-ui.html endpoint is enabled by default. To disable it in production, set the property 'springdoc.swagger-ui.enabled=false'
2026-04-28T20:18:50.882-03:00  INFO 27259 --- [tech-challenge-mecanica] [Pool-1-worker-1] o.s.b.d.r.RestartApplicationListener     : Restart disabled due to context in which it is running

  .   ____          _            __ _ _
 /\\ / ___'_ __ _ _(_)_ __  __ _ \ \ \ \
( ( )\___ | '_ | '_| | '_ \/ _` | \ \ \ \
 \\/  ___)| |_)| | | | | || (_| |  ) ) ) )
  '  |____| .__|_| |_|_| |_\__, | / / / /
 =========|_|==============|___/=/_/_/_/

 :: Spring Boot ::                (v4.0.5)

2026-04-28T20:18:50.895-03:00  INFO 27259 --- [tech-challenge-mecanica] [Pool-1-worker-1] c.f.t.controller.ServicoControllerTest   : Starting ServicoControllerTest using Java 21.0.8 with PID 27259 (started by cocao in /Users/cocao/Documents/developer/f1rsters-tech-challenge-mecanica)
2026-04-28T20:18:50.895-03:00  INFO 27259 --- [tech-challenge-mecanica] [Pool-1-worker-1] c.f.t.controller.ServicoControllerTest   : No active profile set, falling back to 1 default profile: "default"
2026-04-28T20:18:51.081-03:00  WARN 27259 --- [tech-challenge-mecanica] [Pool-1-worker-1] .s.a.UserDetailsServiceAutoConfiguration : 

Using generated security password: 8f7279a1-62f7-46c7-b3cf-6d5e3b7a574f

This generated password is for development use only. Your security configuration must be updated before running your application in production.

2026-04-28T20:18:51.087-03:00  WARN 27259 --- [tech-challenge-mecanica] [Pool-1-worker-1] r$InitializeUserDetailsManagerConfigurer : Found 2 UserDetailsService beans, with names [inMemoryUserDetailsManager, com.f1rsters.tech_challenge_mecanica.security.CustomUserDetailsService#0]. Global Authentication Manager will not use a UserDetailsService for username/password login. Consider publishing a single UserDetailsService bean.
2026-04-28T20:18:51.108-03:00  INFO 27259 --- [tech-challenge-mecanica] [Pool-1-worker-1] o.s.b.t.m.w.SpringBootMockServletContext : Initializing Spring TestDispatcherServlet ''
2026-04-28T20:18:51.108-03:00  INFO 27259 --- [tech-challenge-mecanica] [Pool-1-worker-1] o.s.t.web.servlet.TestDispatcherServlet  : Initializing Servlet ''
2026-04-28T20:18:51.109-03:00  INFO 27259 --- [tech-challenge-mecanica] [Pool-1-worker-1] o.s.t.web.servlet.TestDispatcherServlet  : Completed initialization in 1 ms
2026-04-28T20:18:51.113-03:00  INFO 27259 --- [tech-challenge-mecanica] [Pool-1-worker-1] c.f.t.controller.ServicoControllerTest   : Started ServicoControllerTest in 0.232 seconds (process running for 4.833)
2026-04-28T20:18:51.115-03:00  INFO 27259 --- [tech-challenge-mecanica] [Pool-1-worker-2] o.s.b.d.r.RestartApplicationListener     : Restart disabled due to context in which it is running

  .   ____          _            __ _ _
 /\\ / ___'_ __ _ _(_)_ __  __ _ \ \ \ \
( ( )\___ | '_ | '_| | '_ \/ _` | \ \ \ \
 \\/  ___)| |_)| | | | | || (_| |  ) ) ) )
  '  |____| .__|_| |_|_| |_\__, | / / / /
 =========|_|==============|___/=/_/_/_/

 :: Spring Boot ::                (v4.0.5)

2026-04-28T20:18:51.127-03:00  INFO 27259 --- [tech-challenge-mecanica] [Pool-1-worker-2] c.f.t.c.OrdemServicoPublicControllerTest : Starting OrdemServicoPublicControllerTest using Java 21.0.8 with PID 27259 (started by cocao in /Users/cocao/Documents/developer/f1rsters-tech-challenge-mecanica)
2026-04-28T20:18:51.127-03:00  INFO 27259 --- [tech-challenge-mecanica] [Pool-1-worker-2] c.f.t.c.OrdemServicoPublicControllerTest : No active profile set, falling back to 1 default profile: "default"
2026-04-28T20:18:51.240-03:00  WARN 27259 --- [tech-challenge-mecanica] [Pool-1-worker-2] .s.a.UserDetailsServiceAutoConfiguration : 

Using generated security password: f5189b8c-bd0b-45ff-b813-490fafe58734

This generated password is for development use only. Your security configuration must be updated before running your application in production.

2026-04-28T20:18:51.243-03:00  WARN 27259 --- [tech-challenge-mecanica] [Pool-1-worker-2] r$InitializeUserDetailsManagerConfigurer : Found 2 UserDetailsService beans, with names [inMemoryUserDetailsManager, com.f1rsters.tech_challenge_mecanica.security.CustomUserDetailsService#0]. Global Authentication Manager will not use a UserDetailsService for username/password login. Consider publishing a single UserDetailsService bean.
2026-04-28T20:18:51.251-03:00  INFO 27259 --- [tech-challenge-mecanica] [Pool-1-worker-2] o.s.b.t.m.w.SpringBootMockServletContext : Initializing Spring TestDispatcherServlet ''
2026-04-28T20:18:51.252-03:00  INFO 27259 --- [tech-challenge-mecanica] [Pool-1-worker-2] o.s.t.web.servlet.TestDispatcherServlet  : Initializing Servlet ''
2026-04-28T20:18:51.252-03:00  INFO 27259 --- [tech-challenge-mecanica] [Pool-1-worker-2] o.s.t.web.servlet.TestDispatcherServlet  : Completed initialization in 0 ms
2026-04-28T20:18:51.256-03:00  INFO 27259 --- [tech-challenge-mecanica] [Pool-1-worker-2] c.f.t.c.OrdemServicoPublicControllerTest : Started OrdemServicoPublicControllerTest in 0.141 seconds (process running for 4.976)
2026-04-28T20:18:51.290-03:00  WARN 27259 --- [tech-challenge-mecanica] [Pool-1-worker-3] .w.s.m.s.DefaultHandlerExceptionResolver : Resolved [org.springframework.http.converter.HttpMessageNotReadableException: Required request body is missing: public org.springframework.http.ResponseEntity<com.f1rsters.tech_challenge_mecanica.domain.OrdemServico> com.f1rsters.tech_challenge_mecanica.controller.OrdemServicoController.atualizarStatus(java.lang.Long,com.f1rsters.tech_challenge_mecanica.dto.AtualizarStatusOSDTO)]
]]></system-out>
  </testcase>
  <testcase name="shouldCreateAuthenticationProvider" classname="com.f1rsters.tech_challenge_mecanica.config.SecurityConfigTest" time="0.002"/>
  <testcase name="atendenteShouldAccessClientes" classname="com.f1rsters.tech_challenge_mecanica.config.SecurityConfigTest" time="0.221">
    <system-out><![CDATA[2026-04-28T20:18:51.384-03:00  INFO 27259 --- [tech-challenge-mecanica] [Pool-1-worker-2] o.s.b.d.r.RestartApplicationListener     : Restart disabled due to context in which it is running

  .   ____          _            __ _ _
 /\\ / ___'_ __ _ _(_)_ __  __ _ \ \ \ \
( ( )\___ | '_ | '_| | '_ \/ _` | \ \ \ \
 \\/  ___)| |_)| | | | | || (_| |  ) ) ) )
  '  |____| .__|_| |_|_| |_\__, | / / / /
 =========|_|==============|___/=/_/_/_/

 :: Spring Boot ::                (v4.0.5)

2026-04-28T20:18:51.396-03:00  INFO 27259 --- [tech-challenge-mecanica] [Pool-1-worker-2] c.f.t.controller.VeiculoControllerTest   : Starting VeiculoControllerTest using Java 21.0.8 with PID 27259 (started by cocao in /Users/cocao/Documents/developer/f1rsters-tech-challenge-mecanica)
2026-04-28T20:18:51.396-03:00  INFO 27259 --- [tech-challenge-mecanica] [Pool-1-worker-2] c.f.t.controller.VeiculoControllerTest   : No active profile set, falling back to 1 default profile: "default"
2026-04-28T20:18:51.504-03:00  WARN 27259 --- [tech-challenge-mecanica] [Pool-1-worker-2] .s.a.UserDetailsServiceAutoConfiguration : 

Using generated security password: f8824992-9efb-470c-b262-6d3d7ba63b2e

This generated password is for development use only. Your security configuration must be updated before running your application in production.

2026-04-28T20:18:51.507-03:00  WARN 27259 --- [tech-challenge-mecanica] [Pool-1-worker-2] r$InitializeUserDetailsManagerConfigurer : Found 2 UserDetailsService beans, with names [inMemoryUserDetailsManager, com.f1rsters.tech_challenge_mecanica.security.CustomUserDetailsService#0]. Global Authentication Manager will not use a UserDetailsService for username/password login. Consider publishing a single UserDetailsService bean.
2026-04-28T20:18:51.515-03:00  INFO 27259 --- [tech-challenge-mecanica] [Pool-1-worker-2] o.s.b.t.m.w.SpringBootMockServletContext : Initializing Spring TestDispatcherServlet ''
2026-04-28T20:18:51.515-03:00  INFO 27259 --- [tech-challenge-mecanica] [Pool-1-worker-2] o.s.t.web.servlet.TestDispatcherServlet  : Initializing Servlet ''
2026-04-28T20:18:51.515-03:00  INFO 27259 --- [tech-challenge-mecanica] [Pool-1-worker-2] o.s.t.web.servlet.TestDispatcherServlet  : Completed initialization in 0 ms
2026-04-28T20:18:51.518-03:00  INFO 27259 --- [tech-challenge-mecanica] [Pool-1-worker-2] c.f.t.controller.VeiculoControllerTest   : Started VeiculoControllerTest in 0.134 seconds (process running for 5.238)
]]></system-out>
  </testcase>
  <testcase name="shouldBlockAdminEndpointsWithoutAuthentication" classname="com.f1rsters.tech_challenge_mecanica.config.SecurityConfigTest" time="0.008">
    <system-out><![CDATA[2026-04-28T20:18:51.526-03:00  INFO 27259 --- [tech-challenge-mecanica] [Pool-1-worker-1] t.c.s.AnnotationConfigContextLoaderUtils : Could not detect default configuration classes for test class [com.f1rsters.tech_challenge_mecanica.controller.AuthControllerTest]: AuthControllerTest does not declare any static, non-private, non-final, nested classes annotated with @Configuration.
2026-04-28T20:18:51.530-03:00  INFO 27259 --- [tech-challenge-mecanica] [Pool-1-worker-1] .b.t.c.SpringBootTestContextBootstrapper : Found @SpringBootConfiguration com.f1rsters.tech_challenge_mecanica.TechChallengeMecanicaApplication for test class com.f1rsters.tech_challenge_mecanica.controller.AuthControllerTest
2026-04-28T20:18:51.530-03:00  INFO 27259 --- [tech-challenge-mecanica] [Pool-1-worker-1] t.c.s.AnnotationConfigContextLoaderUtils : Could not detect default configuration classes for test class [com.f1rsters.tech_challenge_mecanica.controller.AuthControllerTest]: AuthControllerTest does not declare any static, non-private, non-final, nested classes annotated with @Configuration.
]]></system-out>
  </testcase>
  <testcase name="atendenteShouldCreateCliente" classname="com.f1rsters.tech_challenge_mecanica.config.SecurityConfigTest" time="0.006">
    <system-out><![CDATA[2026-04-28T20:18:51.533-03:00  INFO 27259 --- [tech-challenge-mecanica] [Pool-1-worker-1] .b.t.c.SpringBootTestContextBootstrapper : Found @SpringBootConfiguration com.f1rsters.tech_challenge_mecanica.TechChallengeMecanicaApplication for test class com.f1rsters.tech_challenge_mecanica.controller.AuthControllerTest
2026-04-28T20:18:51.535-03:00  WARN 27259 --- [tech-challenge-mecanica] [Pool-1-worker-3] .w.s.m.s.DefaultHandlerExceptionResolver : Resolved [org.springframework.http.converter.HttpMessageNotReadableException: Required request body is missing: public org.springframework.http.ResponseEntity<com.f1rsters.tech_challenge_mecanica.dto.ClienteResponseDTO> com.f1rsters.tech_challenge_mecanica.controller.ClienteController.create(com.f1rsters.tech_challenge_mecanica.dto.ClienteDTO)]
]]></system-out>
  </testcase>
  <testcase name="adminShouldAccessAdminEndpoints" classname="com.f1rsters.tech_challenge_mecanica.config.SecurityConfigTest" time="0.153">
    <system-out><![CDATA[2026-04-28T20:18:51.542-03:00  INFO 27259 --- [tech-challenge-mecanica] [Pool-1-worker-1] o.s.b.d.r.RestartApplicationListener     : Restart disabled due to context in which it is running

  .   ____          _            __ _ _
 /\\ / ___'_ __ _ _(_)_ __  __ _ \ \ \ \
( ( )\___ | '_ | '_| | '_ \/ _` | \ \ \ \
 \\/  ___)| |_)| | | | | || (_| |  ) ) ) )
  '  |____| .__|_| |_|_| |_\__, | / / / /
 =========|_|==============|___/=/_/_/_/

 :: Spring Boot ::                (v4.0.5)

2026-04-28T20:18:51.551-03:00  INFO 27259 --- [tech-challenge-mecanica] [Pool-1-worker-1] c.f.t.controller.AuthControllerTest      : Starting AuthControllerTest using Java 21.0.8 with PID 27259 (started by cocao in /Users/cocao/Documents/developer/f1rsters-tech-challenge-mecanica)
2026-04-28T20:18:51.551-03:00  INFO 27259 --- [tech-challenge-mecanica] [Pool-1-worker-1] c.f.t.controller.AuthControllerTest      : No active profile set, falling back to 1 default profile: "default"
2026-04-28T20:18:51.667-03:00  WARN 27259 --- [tech-challenge-mecanica] [Pool-1-worker-1] .s.a.UserDetailsServiceAutoConfiguration : 

Using generated security password: 1893812d-8df9-4b5e-8b1a-4fe99c9c2f53

This generated password is for development use only. Your security configuration must be updated before running your application in production.

2026-04-28T20:18:51.671-03:00  WARN 27259 --- [tech-challenge-mecanica] [Pool-1-worker-1] r$InitializeUserDetailsManagerConfigurer : Found 2 UserDetailsService beans, with names [inMemoryUserDetailsManager, com.f1rsters.tech_challenge_mecanica.security.CustomUserDetailsService#0]. Global Authentication Manager will not use a UserDetailsService for username/password login. Consider publishing a single UserDetailsService bean.
2026-04-28T20:18:51.683-03:00  INFO 27259 --- [tech-challenge-mecanica] [Pool-1-worker-1] o.s.b.t.m.w.SpringBootMockServletContext : Initializing Spring TestDispatcherServlet ''
2026-04-28T20:18:51.683-03:00  INFO 27259 --- [tech-challenge-mecanica] [Pool-1-worker-1] o.s.t.web.servlet.TestDispatcherServlet  : Initializing Servlet ''
2026-04-28T20:18:51.683-03:00  INFO 27259 --- [tech-challenge-mecanica] [Pool-1-worker-1] o.s.t.web.servlet.TestDispatcherServlet  : Completed initialization in 0 ms
2026-04-28T20:18:51.686-03:00  INFO 27259 --- [tech-challenge-mecanica] [Pool-1-worker-1] c.f.t.controller.AuthControllerTest      : Started AuthControllerTest in 0.144 seconds (process running for 5.406)
]]></system-out>
  </testcase>
  <testcase name="shouldAllowPublicEndpoints" classname="com.f1rsters.tech_challenge_mecanica.config.SecurityConfigTest" time="0.028"/>
  <testcase name="shouldAllowAuthEndpoints" classname="com.f1rsters.tech_challenge_mecanica.config.SecurityConfigTest" time="0.005">
    <system-out><![CDATA[2026-04-28T20:18:51.724-03:00  WARN 27259 --- [tech-challenge-mecanica] [Pool-1-worker-3] .w.s.m.s.DefaultHandlerExceptionResolver : Resolved [org.springframework.web.HttpRequestMethodNotSupportedException: Request method 'GET' is not supported]
]]></system-out>
  </testcase>
  <testcase name="estoquistaShouldCreatePeca" classname="com.f1rsters.tech_challenge_mecanica.config.SecurityConfigTest" time="0.004"/>
  <testcase name="shouldCreateAuthenticationManager" classname="com.f1rsters.tech_challenge_mecanica.config.SecurityConfigTest" time="0.002"/>
  <testcase name="atendenteShouldNotDeletePeca" classname="com.f1rsters.tech_challenge_mecanica.config.SecurityConfigTest" time="0.004"/>
  <testcase name="shouldCreatePasswordEncoder" classname="com.f1rsters.tech_challenge_mecanica.config.SecurityConfigTest" time="0.266">
    <system-out><![CDATA[2026-04-28T20:18:51.742-03:00  INFO 27259 --- [tech-challenge-mecanica] [Pool-1-worker-1] t.c.s.AnnotationConfigContextLoaderUtils : Could not detect default configuration classes for test class [com.f1rsters.tech_challenge_mecanica.controller.ClienteControllerTest]: ClienteControllerTest does not declare any static, non-private, non-final, nested classes annotated with @Configuration.
2026-04-28T20:18:51.744-03:00  INFO 27259 --- [tech-challenge-mecanica] [Pool-1-worker-2] .b.t.c.SpringBootTestContextBootstrapper : Found @SpringBootConfiguration com.f1rsters.tech_challenge_mecanica.TechChallengeMecanicaApplication for test class com.f1rsters.tech_challenge_mecanica.controller.OrdemServicoControllerTest
2026-04-28T20:18:51.744-03:00  INFO 27259 --- [tech-challenge-mecanica] [Pool-1-worker-1] .b.t.c.SpringBootTestContextBootstrapper : Found @SpringBootConfiguration com.f1rsters.tech_challenge_mecanica.TechChallengeMecanicaApplication for test class com.f1rsters.tech_challenge_mecanica.controller.ClienteControllerTest
2026-04-28T20:18:51.744-03:00  INFO 27259 --- [tech-challenge-mecanica] [Pool-1-worker-2] t.c.s.AnnotationConfigContextLoaderUtils : Could not detect default configuration classes for test class [com.f1rsters.tech_challenge_mecanica.controller.OrdemServicoControllerTest]: OrdemServicoControllerTest does not declare any static, non-private, non-final, nested classes annotated with @Configuration.
2026-04-28T20:18:51.744-03:00  INFO 27259 --- [tech-challenge-mecanica] [Pool-1-worker-1] t.c.s.AnnotationConfigContextLoaderUtils : Could not detect default configuration classes for test class [com.f1rsters.tech_challenge_mecanica.controller.ClienteControllerTest]: ClienteControllerTest does not declare any static, non-private, non-final, nested classes annotated with @Configuration.
2026-04-28T20:18:51.746-03:00  INFO 27259 --- [tech-challenge-mecanica] [Pool-1-worker-1] .b.t.c.SpringBootTestContextBootstrapper : Found @SpringBootConfiguration com.f1rsters.tech_challenge_mecanica.TechChallengeMecanicaApplication for test class com.f1rsters.tech_challenge_mecanica.controller.ClienteControllerTest
2026-04-28T20:18:51.746-03:00  INFO 27259 --- [tech-challenge-mecanica] [Pool-1-worker-2] .b.t.c.SpringBootTestContextBootstrapper : Found @SpringBootConfiguration com.f1rsters.tech_challenge_mecanica.TechChallengeMecanicaApplication for test class com.f1rsters.tech_challenge_mecanica.controller.OrdemServicoControllerTest
2026-04-28T20:18:51.748-03:00  INFO 27259 --- [tech-challenge-mecanica] [Pool-1-worker-1] o.s.b.d.r.RestartApplicationListener     : Restart disabled due to context in which it is running

  .   ____          _            __ _ _
 /\\ / ___'_ __ _ _(_)_ __  __ _ \ \ \ \
( ( )\___ | '_ | '_| | '_ \/ _` | \ \ \ \
 \\/  ___)| |_)| | | | | || (_| |  ) ) ) )
  '  |____| .__|_| |_|_| |_\__, | / / / /
 =========|_|==============|___/=/_/_/_/

 :: Spring Boot ::                (v4.0.5)

2026-04-28T20:18:51.757-03:00  INFO 27259 --- [tech-challenge-mecanica] [Pool-1-worker-1] c.f.t.controller.ClienteControllerTest   : Starting ClienteControllerTest using Java 21.0.8 with PID 27259 (started by cocao in /Users/cocao/Documents/developer/f1rsters-tech-challenge-mecanica)
2026-04-28T20:18:51.757-03:00  INFO 27259 --- [tech-challenge-mecanica] [Pool-1-worker-1] c.f.t.controller.ClienteControllerTest   : No active profile set, falling back to 1 default profile: "default"
2026-04-28T20:18:51.864-03:00  WARN 27259 --- [tech-challenge-mecanica] [Pool-1-worker-1] .s.a.UserDetailsServiceAutoConfiguration : 

Using generated security password: 1a5ba22a-29ee-44fa-8aae-d1f5dfbb505d

This generated password is for development use only. Your security configuration must be updated before running your application in production.

2026-04-28T20:18:51.867-03:00  WARN 27259 --- [tech-challenge-mecanica] [Pool-1-worker-1] r$InitializeUserDetailsManagerConfigurer : Found 2 UserDetailsService beans, with names [inMemoryUserDetailsManager, com.f1rsters.tech_challenge_mecanica.security.CustomUserDetailsService#0]. Global Authentication Manager will not use a UserDetailsService for username/password login. Consider publishing a single UserDetailsService bean.
2026-04-28T20:18:51.875-03:00  INFO 27259 --- [tech-challenge-mecanica] [Pool-1-worker-1] o.s.b.t.m.w.SpringBootMockServletContext : Initializing Spring TestDispatcherServlet ''
2026-04-28T20:18:51.875-03:00  INFO 27259 --- [tech-challenge-mecanica] [Pool-1-worker-1] o.s.t.web.servlet.TestDispatcherServlet  : Initializing Servlet ''
2026-04-28T20:18:51.875-03:00  INFO 27259 --- [tech-challenge-mecanica] [Pool-1-worker-1] o.s.t.web.servlet.TestDispatcherServlet  : Completed initialization in 0 ms
2026-04-28T20:18:51.878-03:00  INFO 27259 --- [tech-challenge-mecanica] [Pool-1-worker-1] c.f.t.controller.ClienteControllerTest   : Started ClienteControllerTest in 0.13 seconds (process running for 5.598)
2026-04-28T20:18:51.880-03:00  INFO 27259 --- [tech-challenge-mecanica] [Pool-1-worker-2] o.s.b.d.r.RestartApplicationListener     : Restart disabled due to context in which it is running

  .   ____          _            __ _ _
 /\\ / ___'_ __ _ _(_)_ __  __ _ \ \ \ \
( ( )\___ | '_ | '_| | '_ \/ _` | \ \ \ \
 \\/  ___)| |_)| | | | | || (_| |  ) ) ) )
  '  |____| .__|_| |_|_| |_\__, | / / / /
 =========|_|==============|___/=/_/_/_/

 :: Spring Boot ::                (v4.0.5)

2026-04-28T20:18:51.890-03:00  INFO 27259 --- [tech-challenge-mecanica] [Pool-1-worker-2] c.f.t.c.OrdemServicoControllerTest       : Starting OrdemServicoControllerTest using Java 21.0.8 with PID 27259 (started by cocao in /Users/cocao/Documents/developer/f1rsters-tech-challenge-mecanica)
2026-04-28T20:18:51.890-03:00  INFO 27259 --- [tech-challenge-mecanica] [Pool-1-worker-2] c.f.t.c.OrdemServicoControllerTest       : No active profile set, falling back to 1 default profile: "default"
2026-04-28T20:18:51.985-03:00  WARN 27259 --- [tech-challenge-mecanica] [Pool-1-worker-2] .s.a.UserDetailsServiceAutoConfiguration : 

Using generated security password: 097aca11-b47b-40fd-8f18-9b824f812c6a

This generated password is for development use only. Your security configuration must be updated before running your application in production.

2026-04-28T20:18:51.991-03:00  WARN 27259 --- [tech-challenge-mecanica] [Pool-1-worker-2] r$InitializeUserDetailsManagerConfigurer : Found 2 UserDetailsService beans, with names [inMemoryUserDetailsManager, com.f1rsters.tech_challenge_mecanica.security.CustomUserDetailsService#0]. Global Authentication Manager will not use a UserDetailsService for username/password login. Consider publishing a single UserDetailsService bean.
2026-04-28T20:18:51.999-03:00  INFO 27259 --- [tech-challenge-mecanica] [Pool-1-worker-2] o.s.b.t.m.w.SpringBootMockServletContext : Initializing Spring TestDispatcherServlet ''
2026-04-28T20:18:52.000-03:00  INFO 27259 --- [tech-challenge-mecanica] [Pool-1-worker-2] o.s.t.web.servlet.TestDispatcherServlet  : Initializing Servlet ''
2026-04-28T20:18:52.000-03:00  INFO 27259 --- [tech-challenge-mecanica] [Pool-1-worker-2] o.s.t.web.servlet.TestDispatcherServlet  : Completed initialization in 0 ms
2026-04-28T20:18:52.003-03:00  INFO 27259 --- [tech-challenge-mecanica] [Pool-1-worker-2] c.f.t.c.OrdemServicoControllerTest       : Started OrdemServicoControllerTest in 0.124 seconds (process running for 5.723)
]]></system-out>
  </testcase>
  <testcase name="estoquistaShouldAccessPecas" classname="com.f1rsters.tech_challenge_mecanica.config.SecurityConfigTest" time="0.007"/>
</testsuite>